{"numTotalTestSuites":6,"numPassedTestSuites":6,"numFailedTestSuites":0,"numPendingTestSuites":0,"numTotalTests":7,"numPassedTests":7,"numFailedTests":0,"numPendingTests":0,"numTodoTests":0,"snapshot":{"added":0,"failure":false,"filesAdded":0,"filesRemoved":0,"filesRemovedList":[],"filesUnmatched":0,"filesUpdated":0,"matched":2,"total":2,"unchecked":0,"uncheckedKeysByFile":[],"unmatched":0,"updated":0,"didUpdate":false},"startTime":1748037646499,"success":true,"testResults":[{"assertionResults":[{"ancestorTitles":["HelloWorld"],"fullName":"HelloWorld renders properly","status":"passed","title":"renders properly","duration":22.026901990175247,"failureMessages":[],"location":{"line":7,"column":3},"meta":{}}],"startTime":1748037648263,"endTime":1748037648285.0269,"status":"passed","message":"","name":"/Users/camerontownsend/Documents/_git-hub/garage-app/src/components/__tests__/HelloWorld.spec.ts"},{"assertionResults":[{"ancestorTitles":["OhmsLaw"],"fullName":"OhmsLaw renders properly","status":"passed","title":"renders properly","duration":46.74661600589752,"failureMessages":[],"location":{"line":9,"column":3},"meta":{}},{"ancestorTitles":["OhmsLaw"],"fullName":"OhmsLaw caluclates voltage","status":"passed","title":"caluclates voltage","duration":39.52029699087143,"failureMessages":[],"location":{"line":15,"column":3},"meta":{}},{"ancestorTitles":["OhmsLaw"],"fullName":"OhmsLaw caluclates current","status":"passed","title":"caluclates current","duration":13.03177997469902,"failureMessages":[],"location":{"line":41,"column":3},"meta":{}},{"ancestorTitles":["OhmsLaw"],"fullName":"OhmsLaw caluclates resistance","status":"passed","title":"caluclates resistance","duration":8.802343010902405,"failureMessages":[],"location":{"line":73,"column":4},"meta":{}},{"ancestorTitles":["OhmsLaw"],"fullName":"OhmsLaw renders output element","status":"passed","title":"renders output element","duration":10.277429014444351,"failureMessages":[],"location":{"line":104,"column":3},"meta":{}}],"startTime":1748037648273,"endTime":1748037648394.2773,"status":"passed","message":"","name":"/Users/camerontownsend/Documents/_git-hub/garage-app/src/components/__tests__/OhmsLaw.spec.ts"},{"assertionResults":[{"ancestorTitles":["add function"],"fullName":"add function adds two numbers","status":"passed","title":"adds two numbers","duration":2.557313024997711,"failureMessages":[],"location":{"line":5,"column":5},"meta":{}}],"startTime":1748037648050,"endTime":1748037648052.5574,"status":"passed","message":"","name":"/Users/camerontownsend/Documents/_git-hub/garage-app/src/components/__tests__/math.spec.ts"}],"coverageMap":{"/Users/camerontownsend/Documents/_git-hub/garage-app/src/components/math.ts":{"path":"/Users/camerontownsend/Documents/_git-hub/garage-app/src/components/math.ts","statementMap":{"0":{"start":{"line":1,"column":19},"end":{"line":1,"column":null}},"1":{"start":{"line":1,"column":52},"end":{"line":1,"column":null}}},"fnMap":{"0":{"name":"(anonymous_0)","decl":{"start":{"line":1,"column":19},"end":{"line":1,"column":20}},"loc":{"start":{"line":1,"column":52},"end":{"line":1,"column":null}}}},"branchMap":{},"s":{"0":1,"1":1},"f":{"0":1},"b":{}},"/Users/camerontownsend/Documents/_git-hub/garage-app/src/assets/consts.ts":{"path":"/Users/camerontownsend/Documents/_git-hub/garage-app/src/assets/consts.ts","statementMap":{"0":{"start":{"line":1,"column":22},"end":{"line":5,"column":null}}},"fnMap":{},"branchMap":{},"s":{"0":1},"f":{},"b":{}},"/Users/camerontownsend/Documents/_git-hub/garage-app/src/components/OhmsLaw.vue":{"path":"/Users/camerontownsend/Documents/_git-hub/garage-app/src/components/OhmsLaw.vue","statementMap":{"0":{"start":{"line":5,"column":13},"end":{"line":11,"column":null}},"1":{"start":{"line":13,"column":25},"end":{"line":13,"column":null}},"2":{"start":{"line":14,"column":30},"end":{"line":14,"column":null}},"3":{"start":{"line":15,"column":27},"end":{"line":15,"column":null}},"4":{"start":{"line":17,"column":16},"end":{"line":21,"column":null}},"5":{"start":{"line":24,"column":21},"end":{"line":36,"column":null}},"6":{"start":{"line":25,"column":16},"end":{"line":25,"column":null}},"7":{"start":{"line":26,"column":47},"end":{"line":26,"column":null}},"8":{"start":{"line":27,"column":4},"end":{"line":29,"column":null}},"9":{"start":{"line":28,"column":8},"end":{"line":28,"column":null}},"10":{"start":{"line":30,"column":4},"end":{"line":32,"column":null}},"11":{"start":{"line":31,"column":8},"end":{"line":31,"column":null}},"12":{"start":{"line":33,"column":4},"end":{"line":35,"column":null}},"13":{"start":{"line":34,"column":8},"end":{"line":34,"column":null}},"14":{"start":{"line":1,"column":0},"end":{"line":1,"column":null}},"15":{"start":{"line":53,"column":25},"end":{"line":53,"column":null}},"16":{"start":{"line":60,"column":25},"end":{"line":60,"column":null}},"17":{"start":{"line":67,"column":25},"end":{"line":67,"column":null}},"18":{"start":{"line":74,"column":25},"end":{"line":74,"column":null}},"19":{"start":{"line":44,"column":29},"end":{"line":44,"column":null}},"20":{"start":{"line":46,"column":16},"end":{"line":1,"column":null}},"21":{"start":{"line":58,"column":91},"end":{"line":58,"column":106}},"22":{"start":{"line":65,"column":94},"end":{"line":65,"column":112}},"23":{"start":{"line":72,"column":91},"end":{"line":72,"column":106}}},"fnMap":{"0":{"name":"(anonymous_1)","decl":{"start":{"line":24,"column":21},"end":{"line":24,"column":22}},"loc":{"start":{"line":24,"column":38},"end":{"line":36,"column":null}}},"1":{"name":"(anonymous_4)","decl":{"start":{"line":1,"column":0},"end":{"line":1,"column":null}},"loc":{"start":{"line":44,"column":29},"end":{"line":44,"column":null}}}},"branchMap":{"0":{"loc":{"start":{"line":27,"column":4},"end":{"line":29,"column":null}},"type":"if","locations":[{"start":{"line":27,"column":4},"end":{"line":29,"column":null}},{"start":{},"end":{}}]},"1":{"loc":{"start":{"line":30,"column":4},"end":{"line":32,"column":null}},"type":"if","locations":[{"start":{"line":30,"column":4},"end":{"line":32,"column":null}},{"start":{},"end":{}}]},"2":{"loc":{"start":{"line":33,"column":4},"end":{"line":35,"column":null}},"type":"if","locations":[{"start":{"line":33,"column":4},"end":{"line":35,"column":null}},{"start":{},"end":{}}]},"3":{"loc":{"start":{"line":1,"column":0},"end":{"line":44,"column":null}},"type":"binary-expr","locations":[{"start":{"line":1,"column":0},"end":{"line":1,"column":null}},{"start":{"line":1,"column":0},"end":{"line":44,"column":null}}]},"4":{"loc":{"start":{"line":45,"column":16},"end":{"line":45,"column":70}},"type":"binary-expr","locations":[{"start":{"line":45,"column":16},"end":{"line":45,"column":24}},{"start":{"line":45,"column":16},"end":{"line":45,"column":70}}]},"5":{"loc":{"start":{"line":52,"column":23},"end":{"line":1,"column":null}},"type":"cond-expr","locations":[{"start":{"line":52,"column":28},"end":{"line":1,"column":null}},{"start":{"line":1,"column":0},"end":{"line":1,"column":null}}]},"6":{"loc":{"start":{"line":54,"column":37},"end":{"line":1,"column":null}},"type":"cond-expr","locations":[{"start":{"line":54,"column":51},"end":{"line":1,"column":null}},{"start":{"line":1,"column":0},"end":{"line":1,"column":null}}]},"7":{"loc":{"start":{"line":58,"column":36},"end":{"line":1,"column":null}},"type":"cond-expr","locations":[{"start":{"line":58,"column":50},"end":{"line":58,"column":106}},{"start":{"line":1,"column":0},"end":{"line":1,"column":null}}]},"8":{"loc":{"start":{"line":1,"column":0},"end":{"line":58,"column":106}},"type":"binary-expr","locations":[{"start":{"line":1,"column":0},"end":{"line":1,"column":null}},{"start":{"line":1,"column":0},"end":{"line":58,"column":106}}]},"9":{"loc":{"start":{"line":61,"column":37},"end":{"line":1,"column":null}},"type":"cond-expr","locations":[{"start":{"line":61,"column":51},"end":{"line":1,"column":null}},{"start":{"line":1,"column":0},"end":{"line":1,"column":null}}]},"10":{"loc":{"start":{"line":65,"column":36},"end":{"line":1,"column":null}},"type":"cond-expr","locations":[{"start":{"line":65,"column":50},"end":{"line":65,"column":112}},{"start":{"line":1,"column":0},"end":{"line":1,"column":null}}]},"11":{"loc":{"start":{"line":1,"column":0},"end":{"line":65,"column":112}},"type":"binary-expr","locations":[{"start":{"line":1,"column":0},"end":{"line":1,"column":null}},{"start":{"line":1,"column":0},"end":{"line":65,"column":112}}]},"12":{"loc":{"start":{"line":68,"column":37},"end":{"line":1,"column":null}},"type":"cond-expr","locations":[{"start":{"line":68,"column":51},"end":{"line":1,"column":null}},{"start":{"line":1,"column":0},"end":{"line":1,"column":null}}]},"13":{"loc":{"start":{"line":72,"column":36},"end":{"line":1,"column":null}},"type":"cond-expr","locations":[{"start":{"line":72,"column":50},"end":{"line":72,"column":106}},{"start":{"line":1,"column":0},"end":{"line":1,"column":null}}]},"14":{"loc":{"start":{"line":1,"column":0},"end":{"line":72,"column":106}},"type":"binary-expr","locations":[{"start":{"line":1,"column":0},"end":{"line":1,"column":null}},{"start":{"line":1,"column":0},"end":{"line":72,"column":106}}]},"15":{"loc":{"start":{"line":75,"column":33},"end":{"line":1,"column":null}},"type":"cond-expr","locations":[{"start":{"line":75,"column":38},"end":{"line":1,"column":null}},{"start":{"line":1,"column":0},"end":{"line":1,"column":null}}]},"16":{"loc":{"start":{"line":76,"column":40},"end":{"line":1,"column":null}},"type":"cond-expr","locations":[{"start":{"line":76,"column":54},"end":{"line":77,"column":null}},{"start":{"line":1,"column":0},"end":{"line":1,"column":null}}]},"17":{"loc":{"start":{"line":79,"column":40},"end":{"line":1,"column":null}},"type":"cond-expr","locations":[{"start":{"line":79,"column":54},"end":{"line":80,"column":null}},{"start":{"line":1,"column":0},"end":{"line":1,"column":null}}]},"18":{"loc":{"start":{"line":82,"column":40},"end":{"line":1,"column":null}},"type":"cond-expr","locations":[{"start":{"line":82,"column":54},"end":{"line":83,"column":null}},{"start":{"line":1,"column":0},"end":{"line":1,"column":null}}]}},"s":{"0":5,"1":5,"2":5,"3":5,"4":5,"5":5,"6":12,"7":12,"8":12,"9":4,"10":12,"11":4,"12":12,"13":4,"14":11,"15":1,"16":1,"17":1,"18":1,"19":3,"20":42,"21":2,"22":2,"23":2},"f":{"0":12,"1":51},"b":{"0":[4,8],"1":[4,8],"2":[4,8],"3":[14,5],"4":[14,5],"5":[9,5],"6":[6,3],"7":[6,3],"8":[6,2],"9":[6,3],"10":[6,3],"11":[6,2],"12":[6,3],"13":[6,3],"14":[6,2],"15":[9,0],"16":[3,6],"17":[3,6],"18":[3,6]}},"/Users/camerontownsend/Documents/_git-hub/garage-app/src/components/HelloWorld.vue":{"path":"/Users/camerontownsend/Documents/_git-hub/garage-app/src/components/HelloWorld.vue","statementMap":{"0":{"start":{"line":8,"column":7},"end":{"line":8,"column":null}},"1":{"start":{"line":9,"column":8},"end":{"line":9,"column":25}}},"fnMap":{},"branchMap":{"0":{"loc":{"start":{"line":9,"column":28},"end":{"line":9,"column":36}},"type":"binary-expr","locations":[{"start":{"line":9,"column":28},"end":{"line":9,"column":36}}]}},"s":{"0":1,"1":1},"f":{},"b":{"0":[1]}},"/Users/camerontownsend/Documents/_git-hub/garage-app/playwright.config.ts":{"path":"/Users/camerontownsend/Documents/_git-hub/garage-app/playwright.config.ts","statementMap":{},"fnMap":{},"branchMap":{"0":{"loc":{"start":{"line":27,"column":11},"end":{"line":27,"column":null}},"type":"cond-expr","locations":[{"start":{"line":27,"column":28},"end":{"line":27,"column":32}},{"start":{"line":27,"column":32},"end":{"line":27,"column":null}}]},"1":{"loc":{"start":{"line":29,"column":11},"end":{"line":29,"column":null}},"type":"cond-expr","locations":[{"start":{"line":29,"column":28},"end":{"line":29,"column":32}},{"start":{"line":29,"column":32},"end":{"line":29,"column":null}}]},"2":{"loc":{"start":{"line":37,"column":13},"end":{"line":37,"column":null}},"type":"cond-expr","locations":[{"start":{"line":37,"column":30},"end":{"line":37,"column":56}},{"start":{"line":37,"column":56},"end":{"line":37,"column":null}}]},"3":{"loc":{"start":{"line":106,"column":13},"end":{"line":106,"column":null}},"type":"cond-expr","locations":[{"start":{"line":106,"column":30},"end":{"line":106,"column":50}},{"start":{"line":106,"column":50},"end":{"line":106,"column":null}}]},"4":{"loc":{"start":{"line":107,"column":10},"end":{"line":107,"column":null}},"type":"cond-expr","locations":[{"start":{"line":107,"column":27},"end":{"line":107,"column":34}},{"start":{"line":107,"column":34},"end":{"line":107,"column":null}}]}},"s":{},"f":{},"b":{"0":[0,0],"1":[0,0],"2":[0,0],"3":[0,0],"4":[0,0]}},"/Users/camerontownsend/Documents/_git-hub/garage-app/src/App.vue":{"path":"/Users/camerontownsend/Documents/_git-hub/garage-app/src/App.vue","statementMap":{"0":{"start":{"line":9,"column":9},"end":{"line":9,"column":null}},"1":{"start":{"line":13,"column":31},"end":{"line":13,"column":44}},"2":{"start":{"line":14,"column":42},"end":{"line":14,"column":55}}},"fnMap":{"0":{"name":"(anonymous_4)","decl":{"start":{"line":13,"column":27},"end":{"line":13,"column":31}},"loc":{"start":{"line":13,"column":31},"end":{"line":13,"column":44}}},"1":{"name":"(anonymous_5)","decl":{"start":{"line":14,"column":34},"end":{"line":14,"column":42}},"loc":{"start":{"line":14,"column":42},"end":{"line":14,"column":55}}}},"branchMap":{"0":{"loc":{"start":{"line":13,"column":31},"end":{"line":13,"column":44}},"type":"binary-expr","locations":[{"start":{"line":13,"column":31},"end":{"line":13,"column":44}},{"start":{"line":13,"column":31},"end":{"line":13,"column":44}}]},"1":{"loc":{"start":{"line":14,"column":42},"end":{"line":14,"column":55}},"type":"binary-expr","locations":[{"start":{"line":14,"column":42},"end":{"line":14,"column":55}},{"start":{"line":14,"column":42},"end":{"line":14,"column":55}}]}},"s":{"0":0,"1":0,"2":0},"f":{"0":0,"1":0},"b":{"0":[0,0],"1":[0,0]}},"/Users/camerontownsend/Documents/_git-hub/garage-app/src/components/Greetings.vue":{"path":"/Users/camerontownsend/Documents/_git-hub/garage-app/src/components/Greetings.vue","statementMap":{"0":{"start":{"line":8,"column":7},"end":{"line":8,"column":null}},"1":{"start":{"line":9,"column":8},"end":{"line":9,"column":25}},"2":{"start":{"line":8,"column":2},"end":{"line":12,"column":9}}},"fnMap":{},"branchMap":{"0":{"loc":{"start":{"line":9,"column":28},"end":{"line":12,"column":9}},"type":"binary-expr","locations":[{"start":{"line":9,"column":28},"end":{"line":9,"column":36}},{"start":{"line":9,"column":28},"end":{"line":12,"column":9}}]}},"s":{"0":0,"1":0,"2":0},"f":{},"b":{"0":[0,0]}},"/Users/camerontownsend/Documents/_git-hub/garage-app/src/components/TheWelcome.vue":{"path":"/Users/camerontownsend/Documents/_git-hub/garage-app/src/components/TheWelcome.vue","statementMap":{"0":{"start":{"line":9,"column":27},"end":{"line":9,"column":null}},"1":{"start":{"line":9,"column":33},"end":{"line":9,"column":null}},"2":{"start":{"line":15,"column":27},"end":{"line":15,"column":null}},"3":{"start":{"line":17,"column":36},"end":{"line":17,"column":47}},"4":{"start":{"line":20,"column":4},"end":{"line":22,"column":16}},"5":{"start":{"line":26,"column":21},"end":{"line":26,"column":null}},"6":{"start":{"line":28,"column":30},"end":{"line":28,"column":41}},"7":{"start":{"line":31,"column":4},"end":{"line":48,"column":16}},"8":{"start":{"line":52,"column":23},"end":{"line":52,"column":null}},"9":{"start":{"line":54,"column":32},"end":{"line":54,"column":43}},"10":{"start":{"line":57,"column":4},"end":{"line":64,"column":16}},"11":{"start":{"line":68,"column":23},"end":{"line":68,"column":null}},"12":{"start":{"line":70,"column":32},"end":{"line":70,"column":43}},"13":{"start":{"line":73,"column":4},"end":{"line":82,"column":16}},"14":{"start":{"line":86,"column":21},"end":{"line":86,"column":null}},"15":{"start":{"line":88,"column":34},"end":{"line":88,"column":45}},"16":{"start":{"line":92,"column":4},"end":{"line":93,"column":16}}},"fnMap":{"0":{"name":"(anonymous_1)","decl":{"start":{"line":9,"column":27},"end":{"line":9,"column":33}},"loc":{"start":{"line":9,"column":33},"end":{"line":9,"column":null}}},"1":{"name":"(anonymous_3)","decl":{"start":{"line":15,"column":6},"end":{"line":15,"column":27}},"loc":{"start":{"line":15,"column":27},"end":{"line":15,"column":null}}},"2":{"name":"(anonymous_4)","decl":{"start":{"line":17,"column":23},"end":{"line":17,"column":36}},"loc":{"start":{"line":17,"column":36},"end":{"line":17,"column":47}}},"3":{"name":"(anonymous_5)","decl":{"start":{"line":17,"column":47},"end":{"line":17,"column":null}},"loc":{"start":{"line":20,"column":4},"end":{"line":22,"column":16}}},"4":{"name":"(anonymous_6)","decl":{"start":{"line":26,"column":6},"end":{"line":26,"column":21}},"loc":{"start":{"line":26,"column":21},"end":{"line":26,"column":null}}},"5":{"name":"(anonymous_7)","decl":{"start":{"line":28,"column":23},"end":{"line":28,"column":30}},"loc":{"start":{"line":28,"column":30},"end":{"line":28,"column":41}}},"6":{"name":"(anonymous_8)","decl":{"start":{"line":28,"column":41},"end":{"line":28,"column":null}},"loc":{"start":{"line":31,"column":4},"end":{"line":48,"column":16}}},"7":{"name":"(anonymous_9)","decl":{"start":{"line":52,"column":6},"end":{"line":52,"column":23}},"loc":{"start":{"line":52,"column":23},"end":{"line":52,"column":null}}},"8":{"name":"(anonymous_10)","decl":{"start":{"line":54,"column":23},"end":{"line":54,"column":32}},"loc":{"start":{"line":54,"column":32},"end":{"line":54,"column":43}}},"9":{"name":"(anonymous_11)","decl":{"start":{"line":54,"column":43},"end":{"line":54,"column":null}},"loc":{"start":{"line":57,"column":4},"end":{"line":64,"column":16}}},"10":{"name":"(anonymous_12)","decl":{"start":{"line":68,"column":6},"end":{"line":68,"column":23}},"loc":{"start":{"line":68,"column":23},"end":{"line":68,"column":null}}},"11":{"name":"(anonymous_13)","decl":{"start":{"line":70,"column":23},"end":{"line":70,"column":32}},"loc":{"start":{"line":70,"column":32},"end":{"line":70,"column":43}}},"12":{"name":"(anonymous_14)","decl":{"start":{"line":70,"column":43},"end":{"line":70,"column":null}},"loc":{"start":{"line":73,"column":4},"end":{"line":82,"column":16}}},"13":{"name":"(anonymous_15)","decl":{"start":{"line":86,"column":6},"end":{"line":86,"column":21}},"loc":{"start":{"line":86,"column":21},"end":{"line":86,"column":null}}},"14":{"name":"(anonymous_16)","decl":{"start":{"line":88,"column":23},"end":{"line":88,"column":34}},"loc":{"start":{"line":88,"column":34},"end":{"line":88,"column":45}}},"15":{"name":"(anonymous_17)","decl":{"start":{"line":88,"column":45},"end":{"line":88,"column":null}},"loc":{"start":{"line":92,"column":4},"end":{"line":93,"column":16}}}},"branchMap":{"0":{"loc":{"start":{"line":17,"column":36},"end":{"line":17,"column":47}},"type":"binary-expr","locations":[{"start":{"line":17,"column":36},"end":{"line":17,"column":47}},{"start":{"line":17,"column":36},"end":{"line":17,"column":47}}]},"1":{"loc":{"start":{"line":20,"column":4},"end":{"line":20,"column":7}},"type":"binary-expr","locations":[{"start":{"line":20,"column":4},"end":{"line":20,"column":7}},{"start":{"line":20,"column":4},"end":{"line":20,"column":7}}]},"2":{"loc":{"start":{"line":20,"column":4},"end":{"line":20,"column":90}},"type":"binary-expr","locations":[{"start":{"line":20,"column":4},"end":{"line":20,"column":7}},{"start":{"line":20,"column":4},"end":{"line":20,"column":90}}]},"3":{"loc":{"start":{"line":20,"column":86},"end":{"line":22,"column":16}},"type":"binary-expr","locations":[{"start":{"line":20,"column":86},"end":{"line":20,"column":90}},{"start":{"line":20,"column":86},"end":{"line":22,"column":16}}]},"4":{"loc":{"start":{"line":28,"column":30},"end":{"line":28,"column":41}},"type":"binary-expr","locations":[{"start":{"line":28,"column":30},"end":{"line":28,"column":41}},{"start":{"line":28,"column":30},"end":{"line":28,"column":41}}]},"5":{"loc":{"start":{"line":31,"column":4},"end":{"line":31,"column":7}},"type":"binary-expr","locations":[{"start":{"line":31,"column":4},"end":{"line":31,"column":7}},{"start":{"line":31,"column":4},"end":{"line":31,"column":7}}]},"6":{"loc":{"start":{"line":31,"column":4},"end":{"line":31,"column":90}},"type":"binary-expr","locations":[{"start":{"line":31,"column":4},"end":{"line":31,"column":7}},{"start":{"line":31,"column":4},"end":{"line":31,"column":90}}]},"7":{"loc":{"start":{"line":31,"column":86},"end":{"line":33,"column":7}},"type":"binary-expr","locations":[{"start":{"line":31,"column":86},"end":{"line":31,"column":90}},{"start":{"line":31,"column":86},"end":{"line":33,"column":7}}]},"8":{"loc":{"start":{"line":33,"column":4},"end":{"line":33,"column":86}},"type":"binary-expr","locations":[{"start":{"line":33,"column":4},"end":{"line":33,"column":7}},{"start":{"line":33,"column":4},"end":{"line":33,"column":86}}]},"9":{"loc":{"start":{"line":33,"column":82},"end":{"line":35,"column":7}},"type":"binary-expr","locations":[{"start":{"line":33,"column":82},"end":{"line":33,"column":86}},{"start":{"line":33,"column":82},"end":{"line":35,"column":7}}]},"10":{"loc":{"start":{"line":35,"column":4},"end":{"line":35,"column":103}},"type":"binary-expr","locations":[{"start":{"line":35,"column":4},"end":{"line":35,"column":7}},{"start":{"line":35,"column":4},"end":{"line":35,"column":103}}]},"11":{"loc":{"start":{"line":35,"column":99},"end":{"line":37,"column":7}},"type":"binary-expr","locations":[{"start":{"line":35,"column":99},"end":{"line":35,"column":103}},{"start":{"line":35,"column":99},"end":{"line":37,"column":7}}]},"12":{"loc":{"start":{"line":37,"column":4},"end":{"line":37,"column":75}},"type":"binary-expr","locations":[{"start":{"line":37,"column":4},"end":{"line":37,"column":7}},{"start":{"line":37,"column":4},"end":{"line":37,"column":75}}]},"13":{"loc":{"start":{"line":37,"column":71},"end":{"line":39,"column":7}},"type":"binary-expr","locations":[{"start":{"line":37,"column":71},"end":{"line":37,"column":75}},{"start":{"line":37,"column":71},"end":{"line":39,"column":7}}]},"14":{"loc":{"start":{"line":39,"column":4},"end":{"line":39,"column":80}},"type":"binary-expr","locations":[{"start":{"line":39,"column":4},"end":{"line":39,"column":7}},{"start":{"line":39,"column":4},"end":{"line":39,"column":80}}]},"15":{"loc":{"start":{"line":39,"column":76},"end":{"line":41,"column":7}},"type":"binary-expr","locations":[{"start":{"line":39,"column":76},"end":{"line":39,"column":80}},{"start":{"line":39,"column":76},"end":{"line":41,"column":7}}]},"16":{"loc":{"start":{"line":41,"column":4},"end":{"line":41,"column":83}},"type":"binary-expr","locations":[{"start":{"line":41,"column":4},"end":{"line":41,"column":7}},{"start":{"line":41,"column":4},"end":{"line":41,"column":83}}]},"17":{"loc":{"start":{"line":41,"column":79},"end":{"line":43,"column":10}},"type":"binary-expr","locations":[{"start":{"line":41,"column":79},"end":{"line":41,"column":83}},{"start":{"line":41,"column":79},"end":{"line":43,"column":10}}]},"18":{"loc":{"start":{"line":43,"column":4},"end":{"line":43,"column":null}},"type":"binary-expr","locations":[{"start":{"line":43,"column":4},"end":{"line":43,"column":10}},{"start":{"line":43,"column":4},"end":{"line":43,"column":null}}]},"19":{"loc":{"start":{"line":43,"column":10},"end":{"line":46,"column":7}},"type":"binary-expr","locations":[{"start":{"line":43,"column":10},"end":{"line":43,"column":null}},{"start":{"line":43,"column":10},"end":{"line":46,"column":7}}]},"20":{"loc":{"start":{"line":46,"column":41},"end":{"line":46,"column":83}},"type":"binary-expr","locations":[{"start":{"line":46,"column":41},"end":{"line":46,"column":61}},{"start":{"line":46,"column":41},"end":{"line":46,"column":83}}]},"21":{"loc":{"start":{"line":1,"column":0},"end":{"line":48,"column":16}},"type":"binary-expr","locations":[{"start":{"line":1,"column":0},"end":{"line":1,"column":null}},{"start":{"line":1,"column":0},"end":{"line":48,"column":16}}]},"22":{"loc":{"start":{"line":54,"column":32},"end":{"line":54,"column":43}},"type":"binary-expr","locations":[{"start":{"line":54,"column":32},"end":{"line":54,"column":43}},{"start":{"line":54,"column":32},"end":{"line":54,"column":43}}]},"23":{"loc":{"start":{"line":57,"column":4},"end":{"line":57,"column":7}},"type":"binary-expr","locations":[{"start":{"line":57,"column":4},"end":{"line":57,"column":7}},{"start":{"line":57,"column":4},"end":{"line":57,"column":7}}]},"24":{"loc":{"start":{"line":57,"column":4},"end":{"line":57,"column":79}},"type":"binary-expr","locations":[{"start":{"line":57,"column":4},"end":{"line":57,"column":7}},{"start":{"line":57,"column":4},"end":{"line":57,"column":79}}]},"25":{"loc":{"start":{"line":57,"column":75},"end":{"line":58,"column":7}},"type":"binary-expr","locations":[{"start":{"line":57,"column":75},"end":{"line":57,"column":79}},{"start":{"line":57,"column":75},"end":{"line":58,"column":7}}]},"26":{"loc":{"start":{"line":58,"column":4},"end":{"line":58,"column":85}},"type":"binary-expr","locations":[{"start":{"line":58,"column":4},"end":{"line":58,"column":7}},{"start":{"line":58,"column":4},"end":{"line":58,"column":85}}]},"27":{"loc":{"start":{"line":58,"column":81},"end":{"line":59,"column":7}},"type":"binary-expr","locations":[{"start":{"line":58,"column":81},"end":{"line":58,"column":85}},{"start":{"line":58,"column":81},"end":{"line":59,"column":7}}]},"28":{"loc":{"start":{"line":59,"column":4},"end":{"line":59,"column":93}},"type":"binary-expr","locations":[{"start":{"line":59,"column":4},"end":{"line":59,"column":7}},{"start":{"line":59,"column":4},"end":{"line":59,"column":93}}]},"29":{"loc":{"start":{"line":59,"column":89},"end":{"line":60,"column":7}},"type":"binary-expr","locations":[{"start":{"line":59,"column":89},"end":{"line":59,"column":93}},{"start":{"line":59,"column":89},"end":{"line":60,"column":7}}]},"30":{"loc":{"start":{"line":60,"column":4},"end":{"line":60,"column":96}},"type":"binary-expr","locations":[{"start":{"line":60,"column":4},"end":{"line":60,"column":7}},{"start":{"line":60,"column":4},"end":{"line":60,"column":96}}]},"31":{"loc":{"start":{"line":60,"column":92},"end":{"line":62,"column":7}},"type":"binary-expr","locations":[{"start":{"line":60,"column":92},"end":{"line":60,"column":96}},{"start":{"line":60,"column":92},"end":{"line":62,"column":7}}]},"32":{"loc":{"start":{"line":62,"column":4},"end":{"line":62,"column":97}},"type":"binary-expr","locations":[{"start":{"line":62,"column":4},"end":{"line":62,"column":7}},{"start":{"line":62,"column":4},"end":{"line":62,"column":97}}]},"33":{"loc":{"start":{"line":62,"column":93},"end":{"line":64,"column":16}},"type":"binary-expr","locations":[{"start":{"line":62,"column":93},"end":{"line":62,"column":97}},{"start":{"line":62,"column":93},"end":{"line":64,"column":16}}]},"34":{"loc":{"start":{"line":70,"column":32},"end":{"line":70,"column":43}},"type":"binary-expr","locations":[{"start":{"line":70,"column":32},"end":{"line":70,"column":43}},{"start":{"line":70,"column":32},"end":{"line":70,"column":43}}]},"35":{"loc":{"start":{"line":73,"column":4},"end":{"line":73,"column":7}},"type":"binary-expr","locations":[{"start":{"line":73,"column":4},"end":{"line":73,"column":7}},{"start":{"line":73,"column":4},"end":{"line":73,"column":7}}]},"36":{"loc":{"start":{"line":73,"column":4},"end":{"line":73,"column":80}},"type":"binary-expr","locations":[{"start":{"line":73,"column":4},"end":{"line":73,"column":7}},{"start":{"line":73,"column":4},"end":{"line":73,"column":80}}]},"37":{"loc":{"start":{"line":73,"column":76},"end":{"line":75,"column":7}},"type":"binary-expr","locations":[{"start":{"line":73,"column":76},"end":{"line":73,"column":80}},{"start":{"line":73,"column":76},"end":{"line":75,"column":7}}]},"38":{"loc":{"start":{"line":75,"column":4},"end":{"line":76,"column":null}},"type":"binary-expr","locations":[{"start":{"line":75,"column":4},"end":{"line":75,"column":7}},{"start":{"line":75,"column":4},"end":{"line":76,"column":null}}]},"39":{"loc":{"start":{"line":76,"column":20},"end":{"line":78,"column":7}},"type":"binary-expr","locations":[{"start":{"line":76,"column":20},"end":{"line":76,"column":null}},{"start":{"line":76,"column":20},"end":{"line":78,"column":7}}]},"40":{"loc":{"start":{"line":78,"column":4},"end":{"line":78,"column":94}},"type":"binary-expr","locations":[{"start":{"line":78,"column":4},"end":{"line":78,"column":7}},{"start":{"line":78,"column":4},"end":{"line":78,"column":94}}]},"41":{"loc":{"start":{"line":78,"column":90},"end":{"line":80,"column":7}},"type":"binary-expr","locations":[{"start":{"line":78,"column":90},"end":{"line":78,"column":94}},{"start":{"line":78,"column":90},"end":{"line":80,"column":7}}]},"42":{"loc":{"start":{"line":80,"column":4},"end":{"line":80,"column":75}},"type":"binary-expr","locations":[{"start":{"line":80,"column":4},"end":{"line":80,"column":7}},{"start":{"line":80,"column":4},"end":{"line":80,"column":75}}]},"43":{"loc":{"start":{"line":80,"column":71},"end":{"line":82,"column":16}},"type":"binary-expr","locations":[{"start":{"line":80,"column":71},"end":{"line":80,"column":75}},{"start":{"line":80,"column":71},"end":{"line":82,"column":16}}]},"44":{"loc":{"start":{"line":88,"column":34},"end":{"line":88,"column":45}},"type":"binary-expr","locations":[{"start":{"line":88,"column":34},"end":{"line":88,"column":45}},{"start":{"line":88,"column":34},"end":{"line":88,"column":45}}]},"45":{"loc":{"start":{"line":92,"column":4},"end":{"line":92,"column":7}},"type":"binary-expr","locations":[{"start":{"line":92,"column":4},"end":{"line":92,"column":7}},{"start":{"line":92,"column":4},"end":{"line":92,"column":7}}]},"46":{"loc":{"start":{"line":92,"column":4},"end":{"line":92,"column":94}},"type":"binary-expr","locations":[{"start":{"line":92,"column":4},"end":{"line":92,"column":7}},{"start":{"line":92,"column":4},"end":{"line":92,"column":94}}]},"47":{"loc":{"start":{"line":92,"column":90},"end":{"line":93,"column":16}},"type":"binary-expr","locations":[{"start":{"line":92,"column":90},"end":{"line":92,"column":94}},{"start":{"line":92,"column":90},"end":{"line":93,"column":16}}]}},"s":{"0":0,"1":0,"2":0,"3":0,"4":0,"5":0,"6":0,"7":0,"8":0,"9":0,"10":0,"11":0,"12":0,"13":0,"14":0,"15":0,"16":0},"f":{"0":0,"1":0,"2":0,"3":0,"4":0,"5":0,"6":0,"7":0,"8":0,"9":0,"10":0,"11":0,"12":0,"13":0,"14":0,"15":0},"b":{"0":[0,0],"1":[0,0],"2":[0,0],"3":[0,0],"4":[0,0],"5":[0,0],"6":[0,0],"7":[0,0],"8":[0,0],"9":[0,0],"10":[0,0],"11":[0,0],"12":[0,0],"13":[0,0],"14":[0,0],"15":[0,0],"16":[0,0],"17":[0,0],"18":[0,0],"19":[0,0],"20":[0,0],"21":[0,0],"22":[0,0],"23":[0,0],"24":[0,0],"25":[0,0],"26":[0,0],"27":[0,0],"28":[0,0],"29":[0,0],"30":[0,0],"31":[0,0],"32":[0,0],"33":[0,0],"34":[0,0],"35":[0,0],"36":[0,0],"37":[0,0],"38":[0,0],"39":[0,0],"40":[0,0],"41":[0,0],"42":[0,0],"43":[0,0],"44":[0,0],"45":[0,0],"46":[0,0],"47":[0,0]}},"/Users/camerontownsend/Documents/_git-hub/garage-app/src/components/WelcomeItem.vue":{"path":"/Users/camerontownsend/Documents/_git-hub/garage-app/src/components/WelcomeItem.vue","statementMap":{"0":{"start":{"line":6,"column":9},"end":{"line":6,"column":24}}},"fnMap":{},"branchMap":{},"s":{"0":0},"f":{},"b":{}},"/Users/camerontownsend/Documents/_git-hub/garage-app/src/components/icons/IconCommunity.vue":{"path":"/Users/camerontownsend/Documents/_git-hub/garage-app/src/components/icons/IconCommunity.vue","statementMap":{},"fnMap":{},"branchMap":{"0":{"loc":{"start":{"line":4,"column":8},"end":{"line":4,"column":918}},"type":"binary-expr","locations":[{"start":{"line":4,"column":8},"end":{"line":4,"column":918}}]}},"s":{},"f":{},"b":{"0":[0]}},"/Users/camerontownsend/Documents/_git-hub/garage-app/src/components/icons/IconDocumentation.vue":{"path":"/Users/camerontownsend/Documents/_git-hub/garage-app/src/components/icons/IconDocumentation.vue","statementMap":{},"fnMap":{},"branchMap":{"0":{"loc":{"start":{"line":4,"column":8},"end":{"line":4,"column":1118}},"type":"binary-expr","locations":[{"start":{"line":4,"column":8},"end":{"line":4,"column":1118}}]}},"s":{},"f":{},"b":{"0":[0]}},"/Users/camerontownsend/Documents/_git-hub/garage-app/src/components/icons/IconEcosystem.vue":{"path":"/Users/camerontownsend/Documents/_git-hub/garage-app/src/components/icons/IconEcosystem.vue","statementMap":{},"fnMap":{},"branchMap":{"0":{"loc":{"start":{"line":4,"column":8},"end":{"line":4,"column":1841}},"type":"binary-expr","locations":[{"start":{"line":4,"column":8},"end":{"line":4,"column":1841}}]}},"s":{},"f":{},"b":{"0":[0]}},"/Users/camerontownsend/Documents/_git-hub/garage-app/src/components/icons/IconSupport.vue":{"path":"/Users/camerontownsend/Documents/_git-hub/garage-app/src/components/icons/IconSupport.vue","statementMap":{},"fnMap":{},"branchMap":{"0":{"loc":{"start":{"line":4,"column":8},"end":{"line":4,"column":152}},"type":"binary-expr","locations":[{"start":{"line":4,"column":8},"end":{"line":4,"column":152}}]}},"s":{},"f":{},"b":{"0":[0]}},"/Users/camerontownsend/Documents/_git-hub/garage-app/src/components/icons/IconTooling.vue":{"path":"/Users/camerontownsend/Documents/_git-hub/garage-app/src/components/icons/IconTooling.vue","statementMap":{},"fnMap":{},"branchMap":{"0":{"loc":{"start":{"line":17,"column":12},"end":{"line":17,"column":null}},"type":"binary-expr","locations":[{"start":{"line":17,"column":12},"end":{"line":17,"column":null}}]}},"s":{},"f":{},"b":{"0":[0]}},"/Users/camerontownsend/Documents/_git-hub/garage-app/src/main.ts":{"path":"/Users/camerontownsend/Documents/_git-hub/garage-app/src/main.ts","statementMap":{"0":{"start":{"line":9,"column":12},"end":{"line":9,"column":null}},"1":{"start":{"line":11,"column":0},"end":{"line":11,"column":null}},"2":{"start":{"line":12,"column":0},"end":{"line":12,"column":null}},"3":{"start":{"line":14,"column":0},"end":{"line":14,"column":null}}},"fnMap":{},"branchMap":{},"s":{"0":0,"1":0,"2":0,"3":0},"f":{},"b":{}},"/Users/camerontownsend/Documents/_git-hub/garage-app/src/router/index.ts":{"path":"/Users/camerontownsend/Documents/_git-hub/garage-app/src/router/index.ts","statementMap":{"0":{"start":{"line":5,"column":15},"end":{"line":28,"column":null}},"1":{"start":{"line":19,"column":23},"end":{"line":19,"column":null}}},"fnMap":{"0":{"name":"(anonymous_0)","decl":{"start":{"line":19,"column":17},"end":{"line":19,"column":23}},"loc":{"start":{"line":19,"column":23},"end":{"line":19,"column":null}}}},"branchMap":{},"s":{"0":0,"1":0},"f":{"0":0},"b":{}},"/Users/camerontownsend/Documents/_git-hub/garage-app/src/stores/counter.ts":{"path":"/Users/camerontownsend/Documents/_git-hub/garage-app/src/stores/counter.ts","statementMap":{"0":{"start":{"line":4,"column":31},"end":{"line":12,"column":null}},"1":{"start":{"line":5,"column":16},"end":{"line":5,"column":null}},"2":{"start":{"line":6,"column":22},"end":{"line":6,"column":null}},"3":{"start":{"line":6,"column":37},"end":{"line":6,"column":52}},"4":{"start":{"line":8,"column":4},"end":{"line":8,"column":null}},"5":{"start":{"line":11,"column":2},"end":{"line":11,"column":null}}},"fnMap":{"0":{"name":"(anonymous_0)","decl":{"start":{"line":4,"column":54},"end":{"line":4,"column":60}},"loc":{"start":{"line":4,"column":60},"end":{"line":12,"column":1}}},"1":{"name":"(anonymous_1)","decl":{"start":{"line":6,"column":31},"end":{"line":6,"column":37}},"loc":{"start":{"line":6,"column":37},"end":{"line":6,"column":52}}},"2":{"name":"increment","decl":{"start":{"line":7,"column":11},"end":{"line":7,"column":23}},"loc":{"start":{"line":7,"column":23},"end":{"line":9,"column":null}}}},"branchMap":{},"s":{"0":0,"1":0,"2":0,"3":0,"4":0,"5":0},"f":{"0":0,"1":0,"2":0},"b":{}},"/Users/camerontownsend/Documents/_git-hub/garage-app/src/views/AboutView.vue":{"path":"/Users/camerontownsend/Documents/_git-hub/garage-app/src/views/AboutView.vue","statementMap":{},"fnMap":{},"branchMap":{"0":{"loc":{"start":{"line":3,"column":29},"end":{"line":3,"column":34}},"type":"binary-expr","locations":[{"start":{"line":3,"column":29},"end":{"line":3,"column":34}}]}},"s":{},"f":{},"b":{"0":[0]}},"/Users/camerontownsend/Documents/_git-hub/garage-app/src/views/HomeView.vue":{"path":"/Users/camerontownsend/Documents/_git-hub/garage-app/src/views/HomeView.vue","statementMap":{"0":{"start":{"line":6,"column":2},"end":{"line":7,"column":null}}},"fnMap":{},"branchMap":{},"s":{"0":0},"f":{},"b":{}},"/Users/camerontownsend/Documents/_git-hub/garage-app/src/views/OhmsLawView.vue":{"path":"/Users/camerontownsend/Documents/_git-hub/garage-app/src/views/OhmsLawView.vue","statementMap":{"0":{"start":{"line":6,"column":2},"end":{"line":8,"column":null}}},"fnMap":{},"branchMap":{"0":{"loc":{"start":{"line":9,"column":9},"end":{"line":7,"column":21}},"type":"binary-expr","locations":[{"start":{"line":9,"column":9},"end":{"line":9,"column":null}},{"start":{"line":9,"column":9},"end":{"line":7,"column":21}}]}},"s":{"0":0},"f":{},"b":{"0":[0,0]}}}}